[0314/164158.849:ERROR:process_memory_win.cc(73)] ReadMemory at 0x7ff654f90000 of 64 bytes failed: Only part of a ReadProcessMemory or WriteProcessMemory request was completed. (0x12B)
[0314/164158.850:WARNING:pe_image_reader.cc(302)] could not read dos header from C:\Program Files (x86)\Google\Chrome\Application\chrome.exe
[0314/164158.850:ERROR:process_memory_win.cc(73)] ReadMemory at 0x7ffa475f0000 of 64 bytes failed: Only part of a ReadProcessMemory or WriteProcessMemory request was completed. (0x12B)
[0314/164158.850:WARNING:pe_image_reader.cc(302)] could not read dos header from C:\WINDOWS\SYSTEM32\ntdll.dll
[0314/164158.850:ERROR:process_memory_win.cc(73)] ReadMemory at 0x7ffa46eb0000 of 64 bytes failed: Only part of a ReadProcessMemory or WriteProcessMemory request was completed. (0x12B)
[0314/164158.851:WARNING:pe_image_reader.cc(302)] could not read dos header from C:\WINDOWS\System32\KERNEL32.dll
[0314/164158.851:ERROR:process_memory_win.cc(73)] ReadMemory at 0x7ffa446b0000 of 64 bytes failed: Only part of a ReadProcessMemory or WriteProcessMemory request was completed. (0x12B)
[0314/164158.851:WARNING:pe_image_reader.cc(302)] could not read dos header from C:\WINDOWS\System32\KERNELBASE.dll
[0314/164158.851:ERROR:process_memory_win.cc(73)] ReadMemory at 0x7ffa40d10000 of 64 bytes failed: Only part of a ReadProcessMemory or WriteProcessMemory request was completed. (0x12B)
[0314/164158.851:WARNING:pe_image_reader.cc(302)] could not read dos header from C:\WINDOWS\SYSTEM32\apphelp.dll
[0314/164158.851:ERROR:process_memory_win.cc(73)] ReadMemory at 0x7ffa45160000 of 64 bytes failed: Only part of a ReadProcessMemory or WriteProcessMemory request was completed. (0x12B)
[0314/164158.851:WARNING:pe_image_reader.cc(302)] could not read dos header from C:\WINDOWS\System32\SHELL32.dll
[0314/164158.851:ERROR:process_memory_win.cc(73)] ReadMemory at 0x7ffa44bb0000 of 64 bytes failed: Only part of a ReadProcessMemory or WriteProcessMemory request was completed. (0x12B)
[0314/164158.851:WARNING:pe_image_reader.cc(302)] could not read dos header from C:\WINDOWS\System32\msvcrt.dll
[0314/164158.851:ERROR:process_memory_win.cc(73)] ReadMemory at 0x7ffa44930000 of 64 bytes failed: Only part of a ReadProcessMemory or WriteProcessMemory request was completed. (0x12B)
[0314/164158.851:WARNING:pe_image_reader.cc(302)] could not read dos header from C:\WINDOWS\System32\cfgmgr32.dll
[0314/164158.851:ERROR:process_memory_win.cc(73)] ReadMemory at 0x7ffa439c0000 of 64 bytes failed: Only part of a ReadProcessMemory or WriteProcessMemory request was completed. (0x12B)
[0314/164158.851:WARNING:pe_image_reader.cc(302)] could not read dos header from C:\WINDOWS\System32\ucrtbase.dll
[0314/164158.851:ERROR:process_memory_win.cc(73)] ReadMemory at 0x1a884b40000 of 64 bytes failed: Only part of a ReadProcessMemory or WriteProcessMemory request was completed. (0x12B)
[0314/164158.851:WARNING:pe_image_reader.cc(302)] could not read dos header from C:\WINDOWS\System32\shcore.dll
[0314/164158.851:ERROR:process_memory_win.cc(73)] ReadMemory at 0x7ffa47220000 of 64 bytes failed: Only part of a ReadProcessMemory or WriteProcessMemory request was completed. (0x12B)
[0314/164158.851:WARNING:pe_image_reader.cc(302)] could not read dos header from C:\WINDOWS\System32\RPCRT4.dll
[0314/164158.851:ERROR:process_memory_win.cc(73)] ReadMemory at 0x7ffa44d40000 of 64 bytes failed: Only part of a ReadProcessMemory or WriteProcessMemory request was completed. (0x12B)
[0314/164158.851:WARNING:pe_image_reader.cc(302)] could not read dos header from C:\WINDOWS\System32\combase.dll
[0314/164158.851:ERROR:process_memory_win.cc(73)] ReadMemory at 0x7ffa449e0000 of 64 bytes failed: Only part of a ReadProcessMemory or WriteProcessMemory request was completed. (0x12B)
[0314/164158.851:WARNING:pe_image_reader.cc(302)] could not read dos header from C:\WINDOWS\System32\bcryptPrimitives.dll
[0314/164158.851:ERROR:process_memory_win.cc(73)] ReadMemory at 0x7ffa43cb0000 of 64 bytes failed: Only part of a ReadProcessMemory or WriteProcessMemory request was completed. (0x12B)
[0314/164158.851:WARNING:pe_image_reader.cc(302)] could not read dos header from C:\WINDOWS\System32\windows.storage.dll
[0314/164158.851:ERROR:process_memory_win.cc(73)] ReadMemory at 0x7ffa47420000 of 64 bytes failed: Only part of a ReadProcessMemory or WriteProcessMemory request was completed. (0x12B)
[0314/164158.851:WARNING:pe_image_reader.cc(302)] could not read dos header from C:\WINDOWS\System32\advapi32.dll
[0314/164158.851:ERROR:process_memory_win.cc(73)] ReadMemory at 0x7ffa44ce0000 of 64 bytes failed: Only part of a ReadProcessMemory or WriteProcessMemory request was completed. (0x12B)
[0314/164158.851:WARNING:pe_image_reader.cc(302)] could not read dos header from C:\WINDOWS\System32\sechost.dll
[0314/164158.851:ERROR:process_memory_win.cc(73)] ReadMemory at 0x7ffa45070000 of 64 bytes failed: Only part of a ReadProcessMemory or WriteProcessMemory request was completed. (0x12B)
[0314/164158.851:WARNING:pe_image_reader.cc(302)] could not read dos header from C:\WINDOWS\System32\shlwapi.dll
[0314/164158.851:ERROR:process_memory_win.cc(73)] ReadMemory at 0x7ffa473f0000 of 64 bytes failed: Only part of a ReadProcessMemory or WriteProcessMemory request was completed. (0x12B)
[0314/164158.851:WARNING:pe_image_reader.cc(302)] could not read dos header from C:\WINDOWS\System32\GDI32.dll
[0314/164158.851:ERROR:process_memory_win.cc(73)] ReadMemory at 0x7ffa443c0000 of 64 bytes failed: Only part of a ReadProcessMemory or WriteProcessMemory request was completed. (0x12B)
[0314/164158.852:WARNING:pe_image_reader.cc(302)] could not read dos header from C:\WINDOWS\System32\gdi32full.dll
[0314/164158.852:ERROR:process_memory_win.cc(73)] ReadMemory at 0x7ffa44560000 of 64 bytes failed: Only part of a ReadProcessMemory or WriteProcessMemory request was completed. (0x12B)
[0314/164158.852:WARNING:pe_image_reader.cc(302)] could not read dos header from C:\WINDOWS\System32\msvcp_win.dll
[0314/164158.852:ERROR:process_memory_win.cc(73)] ReadMemory at 0x7ffa46d20000 of 64 bytes failed: Only part of a ReadProcessMemory or WriteProcessMemory request was completed. (0x12B)
[0314/164158.852:WARNING:pe_image_reader.cc(302)] could not read dos header from C:\WINDOWS\System32\USER32.dll
[0314/164158.852:ERROR:process_memory_win.cc(73)] ReadMemory at 0x7ffa44a60000 of 64 bytes failed: Only part of a ReadProcessMemory or WriteProcessMemory request was completed. (0x12B)
[0314/164158.852:WARNING:pe_image_reader.cc(302)] could not read dos header from C:\WINDOWS\System32\win32u.dll
[0314/164158.852:ERROR:process_memory_win.cc(73)] ReadMemory at 0x7ffa43980000 of 64 bytes failed: Only part of a ReadProcessMemory or WriteProcessMemory request was completed. (0x12B)
[0314/164158.852:WARNING:pe_image_reader.cc(302)] could not read dos header from C:\WINDOWS\System32\kernel.appcore.dll
[0314/164158.852:ERROR:process_memory_win.cc(73)] ReadMemory at 0x7ffa439a0000 of 64 bytes failed: Only part of a ReadProcessMemory or WriteProcessMemory request was completed. (0x12B)
[0314/164158.852:WARNING:pe_image_reader.cc(302)] could not read dos header from C:\WINDOWS\System32\profapi.dll
[0314/164158.852:ERROR:process_memory_win.cc(73)] ReadMemory at 0x7ffa43930000 of 64 bytes failed: Only part of a ReadProcessMemory or WriteProcessMemory request was completed. (0x12B)
[0314/164158.852:WARNING:pe_image_reader.cc(302)] could not read dos header from C:\WINDOWS\System32\powrprof.dll
[0314/164158.852:ERROR:process_memory_win.cc(73)] ReadMemory at 0x7ffa43900000 of 64 bytes failed: Only part of a ReadProcessMemory or WriteProcessMemory request was completed. (0x12B)
[0314/164158.852:WARNING:pe_image_reader.cc(302)] could not read dos header from C:\WINDOWS\System32\FLTLIB.DLL
[0314/164158.852:ERROR:process_memory_win.cc(73)] ReadMemory at 0x7ffa465a0000 of 64 bytes failed: Only part of a ReadProcessMemory or WriteProcessMemory request was completed. (0x12B)
[0314/164158.852:WARNING:pe_image_reader.cc(302)] could not read dos header from C:\WINDOWS\System32\PSAPI.DLL
[0314/164158.852:ERROR:process_memory_win.cc(73)] ReadMemory at 0x7ffa08e10000 of 64 bytes failed: Only part of a ReadProcessMemory or WriteProcessMemory request was completed. (0x12B)
[0314/164158.852:WARNING:pe_image_reader.cc(302)] could not read dos header from C:\Program Files (x86)\Google\Chrome\Application\72.0.3626.121\chrome_elf.dll
[0314/164158.852:ERROR:process_memory_win.cc(73)] ReadMemory at 0x7ffa379f0000 of 64 bytes failed: Only part of a ReadProcessMemory or WriteProcessMemory request was completed. (0x12B)
[0314/164158.852:WARNING:pe_image_reader.cc(302)] could not read dos header from C:\WINDOWS\SYSTEM32\VERSION.dll
[0314/164158.852:ERROR:process_memory_win.cc(73)] ReadMemory at 0x7ffa3f4f0000 of 64 bytes failed: Only part of a ReadProcessMemory or WriteProcessMemory request was completed. (0x12B)
[0314/164158.852:WARNING:pe_image_reader.cc(302)] could not read dos header from C:\WINDOWS\SYSTEM32\WINMM.dll
[0314/164158.852:ERROR:process_memory_win.cc(73)] ReadMemory at 0x7ffa43800000 of 64 bytes failed: Only part of a ReadProcessMemory or WriteProcessMemory request was completed. (0x12B)
[0314/164158.852:WARNING:pe_image_reader.cc(302)] could not read dos header from C:\WINDOWS\SYSTEM32\USERENV.dll
[0314/164158.852:ERROR:process_memory_win.cc(73)] ReadMemory at 0x7ffa3f410000 of 64 bytes failed: Only part of a ReadProcessMemory or WriteProcessMemory request was completed. (0x12B)
[0314/164158.852:WARNING:pe_image_reader.cc(302)] could not read dos header from C:\WINDOWS\SYSTEM32\WINMMBASE.dll
[0314/164158.852:ERROR:process_memory_win.cc(73)] ReadMemory at 0x7ffa43350000 of 64 bytes failed: Only part of a ReadProcessMemory or WriteProcessMemory request was completed. (0x12B)
[0314/164158.852:WARNING:pe_image_reader.cc(302)] could not read dos header from C:\WINDOWS\SYSTEM32\CRYPTBASE.DLL
[0314/164158.852:ERROR:process_memory_win.cc(73)] ReadMemory at 0x7ffa473c0000 of 64 bytes failed: Only part of a ReadProcessMemory or WriteProcessMemory request was completed. (0x12B)
[0314/164158.852:WARNING:pe_image_reader.cc(302)] could not read dos header from C:\WINDOWS\System32\IMM32.DLL
[0314/164158.852:ERROR:process_memory_win.cc(73)] ReadMemory at 0x7ff9dfd00000 of 64 bytes failed: Only part of a ReadProcessMemory or WriteProcessMemory request was completed. (0x12B)
[0314/164158.853:WARNING:pe_image_reader.cc(302)] could not read dos header from C:\Program Files (x86)\Google\Chrome\Application\72.0.3626.121\chrome_child.dll
[0314/164158.853:ERROR:process_memory_win.cc(73)] ReadMemory at 0x7ffa44c50000 of 64 bytes failed: Only part of a ReadProcessMemory or WriteProcessMemory request was completed. (0x12B)
[0314/164158.853:WARNING:pe_image_reader.cc(302)] could not read dos header from C:\WINDOWS\System32\WS2_32.dll
[0314/164158.853:ERROR:process_memory_win.cc(73)] ReadMemory at 0x7ffa47020000 of 64 bytes failed: Only part of a ReadProcessMemory or WriteProcessMemory request was completed. (0x12B)
[0314/164158.853:WARNING:pe_image_reader.cc(302)] could not read dos header from C:\WINDOWS\System32\ole32.dll
[0314/164158.853:ERROR:process_memory_win.cc(73)] ReadMemory at 0x7ffa44ae0000 of 64 bytes failed: Only part of a ReadProcessMemory or WriteProcessMemory request was completed. (0x12B)
[0314/164158.853:WARNING:pe_image_reader.cc(302)] could not read dos header from C:\WINDOWS\System32\OLEAUT32.dll
[0314/164158.853:ERROR:process_memory_win.cc(73)] ReadMemory at 0x7ffa44980000 of 64 bytes failed: Only part of a ReadProcessMemory or WriteProcessMemory request was completed. (0x12B)
[0314/164158.853:WARNING:pe_image_reader.cc(302)] could not read dos header from C:\WINDOWS\System32\WINTRUST.dll
[0314/164158.853:ERROR:process_memory_win.cc(73)] ReadMemory at 0x7ffa43910000 of 64 bytes failed: Only part of a ReadProcessMemory or WriteProcessMemory request was completed. (0x12B)
[0314/164158.853:WARNING:pe_image_reader.cc(302)] could not read dos header from C:\WINDOWS\System32\MSASN1.dll
[0314/164158.853:ERROR:process_memory_win.cc(73)] ReadMemory at 0x7ffa43ac0000 of 64 bytes failed: Only part of a ReadProcessMemory or WriteProcessMemory request was completed. (0x12B)
[0314/164158.853:WARNING:pe_image_reader.cc(302)] could not read dos header from C:\WINDOWS\System32\CRYPT32.dll
[0314/164158.853:ERROR:process_memory_win.cc(73)] ReadMemory at 0x1a884cc0000 of 64 bytes failed: Only part of a ReadProcessMemory or WriteProcessMemory request was completed. (0x12B)
[0314/164158.853:WARNING:pe_image_reader.cc(302)] could not read dos header from C:\WINDOWS\System32\COMDLG32.dll
[0314/164158.853:ERROR:process_memory_win.cc(73)] ReadMemory at 0x7ffa42f00000 of 64 bytes failed: Only part of a ReadProcessMemory or WriteProcessMemory request was completed. (0x12B)
[0314/164158.853:WARNING:pe_image_reader.cc(302)] could not read dos header from C:\WINDOWS\SYSTEM32\IPHLPAPI.DLL
[0314/164158.853:ERROR:process_memory_win.cc(73)] ReadMemory at 0x7ffa2add0000 of 64 bytes failed: Only part of a ReadProcessMemory or WriteProcessMemory request was completed. (0x12B)
[0314/164158.853:WARNING:pe_image_reader.cc(302)] could not read dos header from C:\WINDOWS\SYSTEM32\OLEACC.dll
[0314/164158.853:ERROR:process_memory_win.cc(73)] ReadMemory at 0x7ffa280d0000 of 64 bytes failed: Only part of a ReadProcessMemory or WriteProcessMemory request was completed. (0x12B)
[0314/164158.853:WARNING:pe_image_reader.cc(302)] could not read dos header from C:\WINDOWS\SYSTEM32\DWrite.dll
[0314/164158.853:ERROR:process_memory_win.cc(73)] ReadMemory at 0x7ffa426c0000 of 64 bytes failed: Only part of a ReadProcessMemory or WriteProcessMemory request was completed. (0x12B)
[0314/164158.853:WARNING:pe_image_reader.cc(302)] could not read dos header from C:\WINDOWS\SYSTEM32\dxgi.dll
[0314/164158.853:ERROR:process_memory_win.cc(73)] ReadMemory at 0x7ffa37b30000 of 64 bytes failed: Only part of a ReadProcessMemory or WriteProcessMemory request was completed. (0x12B)
[0314/164158.853:WARNING:pe_image_reader.cc(302)] could not read dos header from C:\WINDOWS\SYSTEM32\WINSPOOL.DRV
[0314/164158.853:ERROR:process_memory_win.cc(73)] ReadMemory at 0x7ffa418b0000 of 64 bytes failed: Only part of a ReadProcessMemory or WriteProcessMemory request was completed. (0x12B)
[0314/164158.853:WARNING:pe_image_reader.cc(302)] could not read dos header from C:\WINDOWS\SYSTEM32\dbghelp.dll
[0314/164158.853:ERROR:process_memory_win.cc(73)] ReadMemory at 0x7ffa1c740000 of 64 bytes failed: Only part of a ReadProcessMemory or WriteProcessMemory request was completed. (0x12B)
[0314/164158.853:WARNING:pe_image_reader.cc(302)] could not read dos header from C:\WINDOWS\SYSTEM32\USP10.dll
[0314/164158.853:ERROR:process_memory_win.cc(73)] ReadMemory at 0x7ffa2a370000 of 64 bytes failed: Only part of a ReadProcessMemory or WriteProcessMemory request was completed. (0x12B)
[0314/164158.853:WARNING:pe_image_reader.cc(302)] could not read dos header from C:\WINDOWS\WinSxS\amd64_microsoft.windows.common-controls_6595b64144ccf1df_6.0.17134.590_none_fb3d9bff3069e088\COMCTL32.dll
[0314/164158.854:ERROR:process_memory_win.cc(73)] ReadMemory at 0x7ffa40f50000 of 64 bytes failed: Only part of a ReadProcessMemory or WriteProcessMemory request was completed. (0x12B)
[0314/164158.854:WARNING:pe_image_reader.cc(302)] could not read dos header from C:\WINDOWS\SYSTEM32\WINHTTP.dll
[0314/164158.854:ERROR:process_memory_win.cc(73)] ReadMemory at 0x7ffa340f0000 of 64 bytes failed: Only part of a ReadProcessMemory or WriteProcessMemory request was completed. (0x12B)
[0314/164158.854:WARNING:pe_image_reader.cc(302)] could not read dos header from C:\WINDOWS\SYSTEM32\urlmon.dll
[0314/164158.854:ERROR:process_memory_win.cc(73)] ReadMemory at 0x7ffa2cc60000 of 64 bytes failed: Only part of a ReadProcessMemory or WriteProcessMemory request was completed. (0x12B)
[0314/164158.854:WARNING:pe_image_reader.cc(302)] could not read dos header from C:\WINDOWS\SYSTEM32\Secur32.dll
[0314/164158.854:ERROR:process_memory_win.cc(73)] ReadMemory at 0x7ffa36e80000 of 64 bytes failed: Only part of a ReadProcessMemory or WriteProcessMemory request was completed. (0x12B)
[0314/164158.854:WARNING:pe_image_reader.cc(302)] could not read dos header from C:\WINDOWS\SYSTEM32\dhcpcsvc.DLL
[0314/164158.854:ERROR:process_memory_win.cc(73)] ReadMemory at 0x7ffa473b0000 of 64 bytes failed: Only part of a ReadProcessMemory or WriteProcessMemory request was completed. (0x12B)
[0314/164158.854:WARNING:pe_image_reader.cc(302)] could not read dos header from C:\WINDOWS\System32\NSI.dll
[0314/164158.854:ERROR:process_memory_win.cc(73)] ReadMemory at 0x7ffa423f0000 of 64 bytes failed: Only part of a ReadProcessMemory or WriteProcessMemory request was completed. (0x12B)
[0314/164158.854:WARNING:pe_image_reader.cc(302)] could not read dos header from C:\WINDOWS\SYSTEM32\PROPSYS.dll
[0314/164158.854:ERROR:process_memory_win.cc(73)] ReadMemory at 0x7ffa43460000 of 64 bytes failed: Only part of a ReadProcessMemory or WriteProcessMemory request was completed. (0x12B)
[0314/164158.854:WARNING:pe_image_reader.cc(302)] could not read dos header from C:\WINDOWS\SYSTEM32\bcrypt.dll
[0314/164158.854:ERROR:process_memory_win.cc(73)] ReadMemory at 0x7ffa34820000 of 64 bytes failed: Only part of a ReadProcessMemory or WriteProcessMemory request was completed. (0x12B)
[0314/164158.854:WARNING:pe_image_reader.cc(302)] could not read dos header from C:\WINDOWS\SYSTEM32\iertutil.dll
[0314/164158.854:ERROR:process_memory_win.cc(73)] ReadMemory at 0x7ffa43830000 of 64 bytes failed: Only part of a ReadProcessMemory or WriteProcessMemory request was completed. (0x12B)
[0314/164158.854:WARNING:pe_image_reader.cc(302)] could not read dos header from C:\WINDOWS\SYSTEM32\SSPICLI.DLL
[0314/164158.861:ERROR:process_memory_win.cc(73)] ReadMemory at 0x7ff654f90000 of 64 bytes failed: Only part of a ReadProcessMemory or WriteProcessMemory request was completed. (0x12B)
[0314/164158.861:WARNING:pe_image_reader.cc(302)] could not read dos header from C:\Program Files (x86)\Google\Chrome\Application\chrome.exe
[0314/164158.861:ERROR:process_memory_win.cc(73)] ReadMemory at 0x7ffa475f0000 of 64 bytes failed: Only part of a ReadProcessMemory or WriteProcessMemory request was completed. (0x12B)
[0314/164158.861:WARNING:pe_image_reader.cc(302)] could not read dos header from C:\WINDOWS\SYSTEM32\ntdll.dll
[0314/164158.861:ERROR:process_memory_win.cc(73)] ReadMemory at 0x7ffa46eb0000 of 64 bytes failed: Only part of a ReadProcessMemory or WriteProcessMemory request was completed. (0x12B)
[0314/164158.861:WARNING:pe_image_reader.cc(302)] could not read dos header from C:\WINDOWS\System32\KERNEL32.dll
[0314/164158.861:ERROR:process_memory_win.cc(73)] ReadMemory at 0x7ffa446b0000 of 64 bytes failed: Only part of a ReadProcessMemory or WriteProcessMemory request was completed. (0x12B)
[0314/164158.861:WARNING:pe_image_reader.cc(302)] could not read dos header from C:\WINDOWS\System32\KERNELBASE.dll
[0314/164158.861:ERROR:process_memory_win.cc(73)] ReadMemory at 0x7ffa40d10000 of 64 bytes failed: Only part of a ReadProcessMemory or WriteProcessMemory request was completed. (0x12B)
[0314/164158.861:WARNING:pe_image_reader.cc(302)] could not read dos header from C:\WINDOWS\SYSTEM32\apphelp.dll
[0314/164158.861:ERROR:process_memory_win.cc(73)] ReadMemory at 0x7ffa45160000 of 64 bytes failed: Only part of a ReadProcessMemory or WriteProcessMemory request was completed. (0x12B)
[0314/164158.861:WARNING:pe_image_reader.cc(302)] could not read dos header from C:\WINDOWS\System32\SHELL32.dll
[0314/164158.861:ERROR:process_memory_win.cc(73)] ReadMemory at 0x7ffa44bb0000 of 64 bytes failed: Only part of a ReadProcessMemory or WriteProcessMemory request was completed. (0x12B)
[0314/164158.861:WARNING:pe_image_reader.cc(302)] could not read dos header from C:\WINDOWS\System32\msvcrt.dll
[0314/164158.861:ERROR:process_memory_win.cc(73)] ReadMemory at 0x7ffa44930000 of 64 bytes failed: Only part of a ReadProcessMemory or WriteProcessMemory request was completed. (0x12B)
[0314/164158.861:WARNING:pe_image_reader.cc(302)] could not read dos header from C:\WINDOWS\System32\cfgmgr32.dll
[0314/164158.861:ERROR:process_memory_win.cc(73)] ReadMemory at 0x7ffa439c0000 of 64 bytes failed: Only part of a ReadProcessMemory or WriteProcessMemory request was completed. (0x12B)
[0314/164158.861:WARNING:pe_image_reader.cc(302)] could not read dos header from C:\WINDOWS\System32\ucrtbase.dll
[0314/164158.861:ERROR:process_memory_win.cc(73)] ReadMemory at 0x1a884b40000 of 64 bytes failed: Only part of a ReadProcessMemory or WriteProcessMemory request was completed. (0x12B)
[0314/164158.861:WARNING:pe_image_reader.cc(302)] could not read dos header from C:\WINDOWS\System32\shcore.dll
[0314/164158.862:ERROR:process_memory_win.cc(73)] ReadMemory at 0x7ffa47220000 of 64 bytes failed: Only part of a ReadProcessMemory or WriteProcessMemory request was completed. (0x12B)
[0314/164158.862:WARNING:pe_image_reader.cc(302)] could not read dos header from C:\WINDOWS\System32\RPCRT4.dll
[0314/164158.862:ERROR:process_memory_win.cc(73)] ReadMemory at 0x7ffa44d40000 of 64 bytes failed: Only part of a ReadProcessMemory or WriteProcessMemory request was completed. (0x12B)
[0314/164158.862:WARNING:pe_image_reader.cc(302)] could not read dos header from C:\WINDOWS\System32\combase.dll
[0314/164158.862:ERROR:process_memory_win.cc(73)] ReadMemory at 0x7ffa449e0000 of 64 bytes failed: Only part of a ReadProcessMemory or WriteProcessMemory request was completed. (0x12B)
[0314/164158.862:WARNING:pe_image_reader.cc(302)] could not read dos header from C:\WINDOWS\System32\bcryptPrimitives.dll
[0314/164158.862:ERROR:process_memory_win.cc(73)] ReadMemory at 0x7ffa43cb0000 of 64 bytes failed: Only part of a ReadProcessMemory or WriteProcessMemory request was completed. (0x12B)
[0314/164158.862:WARNING:pe_image_reader.cc(302)] could not read dos header from C:\WINDOWS\System32\windows.storage.dll
[0314/164158.862:ERROR:process_memory_win.cc(73)] ReadMemory at 0x7ffa47420000 of 64 bytes failed: Only part of a ReadProcessMemory or WriteProcessMemory request was completed. (0x12B)
[0314/164158.862:WARNING:pe_image_reader.cc(302)] could not read dos header from C:\WINDOWS\System32\advapi32.dll
[0314/164158.862:ERROR:process_memory_win.cc(73)] ReadMemory at 0x7ffa44ce0000 of 64 bytes failed: Only part of a ReadProcessMemory or WriteProcessMemory request was completed. (0x12B)
[0314/164158.862:WARNING:pe_image_reader.cc(302)] could not read dos header from C:\WINDOWS\System32\sechost.dll
[0314/164158.862:ERROR:process_memory_win.cc(73)] ReadMemory at 0x7ffa45070000 of 64 bytes failed: Only part of a ReadProcessMemory or WriteProcessMemory request was completed. (0x12B)
[0314/164158.862:WARNING:pe_image_reader.cc(302)] could not read dos header from C:\WINDOWS\System32\shlwapi.dll
[0314/164158.862:ERROR:process_memory_win.cc(73)] ReadMemory at 0x7ffa473f0000 of 64 bytes failed: Only part of a ReadProcessMemory or WriteProcessMemory request was completed. (0x12B)
[0314/164158.862:WARNING:pe_image_reader.cc(302)] could not read dos header from C:\WINDOWS\System32\GDI32.dll
[0314/164158.862:ERROR:process_memory_win.cc(73)] ReadMemory at 0x7ffa443c0000 of 64 bytes failed: Only part of a ReadProcessMemory or WriteProcessMemory request was completed. (0x12B)
[0314/164158.862:WARNING:pe_image_reader.cc(302)] could not read dos header from C:\WINDOWS\System32\gdi32full.dll
[0314/164158.862:ERROR:process_memory_win.cc(73)] ReadMemory at 0x7ffa44560000 of 64 bytes failed: Only part of a ReadProcessMemory or WriteProcessMemory request was completed. (0x12B)
[0314/164158.862:WARNING:pe_image_reader.cc(302)] could not read dos header from C:\WINDOWS\System32\msvcp_win.dll
[0314/164158.862:ERROR:process_memory_win.cc(73)] ReadMemory at 0x7ffa46d20000 of 64 bytes failed: Only part of a ReadProcessMemory or WriteProcessMemory request was completed. (0x12B)
[0314/164158.862:WARNING:pe_image_reader.cc(302)] could not read dos header from C:\WINDOWS\System32\USER32.dll
[0314/164158.862:ERROR:process_memory_win.cc(73)] ReadMemory at 0x7ffa44a60000 of 64 bytes failed: Only part of a ReadProcessMemory or WriteProcessMemory request was completed. (0x12B)
[0314/164158.862:WARNING:pe_image_reader.cc(302)] could not read dos header from C:\WINDOWS\System32\win32u.dll
[0314/164158.862:ERROR:process_memory_win.cc(73)] ReadMemory at 0x7ffa43980000 of 64 bytes failed: Only part of a ReadProcessMemory or WriteProcessMemory request was completed. (0x12B)
[0314/164158.862:WARNING:pe_image_reader.cc(302)] could not read dos header from C:\WINDOWS\System32\kernel.appcore.dll
[0314/164158.862:ERROR:process_memory_win.cc(73)] ReadMemory at 0x7ffa439a0000 of 64 bytes failed: Only part of a ReadProcessMemory or WriteProcessMemory request was completed. (0x12B)
[0314/164158.862:WARNING:pe_image_reader.cc(302)] could not read dos header from C:\WINDOWS\System32\profapi.dll
[0314/164158.862:ERROR:process_memory_win.cc(73)] ReadMemory at 0x7ffa43930000 of 64 bytes failed: Only part of a ReadProcessMemory or WriteProcessMemory request was completed. (0x12B)
[0314/164158.862:WARNING:pe_image_reader.cc(302)] could not read dos header from C:\WINDOWS\System32\powrprof.dll
[0314/164158.862:ERROR:process_memory_win.cc(73)] ReadMemory at 0x7ffa43900000 of 64 bytes failed: Only part of a ReadProcessMemory or WriteProcessMemory request was completed. (0x12B)
[0314/164158.862:WARNING:pe_image_reader.cc(302)] could not read dos header from C:\WINDOWS\System32\FLTLIB.DLL
[0314/164158.863:ERROR:process_memory_win.cc(73)] ReadMemory at 0x7ffa465a0000 of 64 bytes failed: Only part of a ReadProcessMemory or WriteProcessMemory request was completed. (0x12B)
[0314/164158.863:WARNING:pe_image_reader.cc(302)] could not read dos header from C:\WINDOWS\System32\PSAPI.DLL
[0314/164158.863:ERROR:process_memory_win.cc(73)] ReadMemory at 0x7ffa08e10000 of 64 bytes failed: Only part of a ReadProcessMemory or WriteProcessMemory request was completed. (0x12B)
[0314/164158.863:WARNING:pe_image_reader.cc(302)] could not read dos header from C:\Program Files (x86)\Google\Chrome\Application\72.0.3626.121\chrome_elf.dll
[0314/164158.863:ERROR:process_memory_win.cc(73)] ReadMemory at 0x7ffa379f0000 of 64 bytes failed: Only part of a ReadProcessMemory or WriteProcessMemory request was completed. (0x12B)
[0314/164158.863:WARNING:pe_image_reader.cc(302)] could not read dos header from C:\WINDOWS\SYSTEM32\VERSION.dll
[0314/164158.863:ERROR:process_memory_win.cc(73)] ReadMemory at 0x7ffa3f4f0000 of 64 bytes failed: Only part of a ReadProcessMemory or WriteProcessMemory request was completed. (0x12B)
[0314/164158.863:WARNING:pe_image_reader.cc(302)] could not read dos header from C:\WINDOWS\SYSTEM32\WINMM.dll
[0314/164158.863:ERROR:process_memory_win.cc(73)] ReadMemory at 0x7ffa43800000 of 64 bytes failed: Only part of a ReadProcessMemory or WriteProcessMemory request was completed. (0x12B)
[0314/164158.863:WARNING:pe_image_reader.cc(302)] could not read dos header from C:\WINDOWS\SYSTEM32\USERENV.dll
[0314/164158.863:ERROR:process_memory_win.cc(73)] ReadMemory at 0x7ffa3f410000 of 64 bytes failed: Only part of a ReadProcessMemory or WriteProcessMemory request was completed. (0x12B)
[0314/164158.863:WARNING:pe_image_reader.cc(302)] could not read dos header from C:\WINDOWS\SYSTEM32\WINMMBASE.dll
[0314/164158.863:ERROR:process_memory_win.cc(73)] ReadMemory at 0x7ffa43350000 of 64 bytes failed: Only part of a ReadProcessMemory or WriteProcessMemory request was completed. (0x12B)
[0314/164158.863:WARNING:pe_image_reader.cc(302)] could not read dos header from C:\WINDOWS\SYSTEM32\CRYPTBASE.DLL
[0314/164158.863:ERROR:process_memory_win.cc(73)] ReadMemory at 0x7ffa473c0000 of 64 bytes failed: Only part of a ReadProcessMemory or WriteProcessMemory request was completed. (0x12B)
[0314/164158.863:WARNING:pe_image_reader.cc(302)] could not read dos header from C:\WINDOWS\System32\IMM32.DLL
[0314/164158.863:ERROR:process_memory_win.cc(73)] ReadMemory at 0x7ff9dfd00000 of 64 bytes failed: Only part of a ReadProcessMemory or WriteProcessMemory request was completed. (0x12B)
[0314/164158.863:WARNING:pe_image_reader.cc(302)] could not read dos header from C:\Program Files (x86)\Google\Chrome\Application\72.0.3626.121\chrome_child.dll
[0314/164158.863:ERROR:process_memory_win.cc(73)] ReadMemory at 0x7ffa44c50000 of 64 bytes failed: Only part of a ReadProcessMemory or WriteProcessMemory request was completed. (0x12B)
[0314/164158.863:WARNING:pe_image_reader.cc(302)] could not read dos header from C:\WINDOWS\System32\WS2_32.dll
[0314/164158.863:ERROR:process_memory_win.cc(73)] ReadMemory at 0x7ffa47020000 of 64 bytes failed: Only part of a ReadProcessMemory or WriteProcessMemory request was completed. (0x12B)
[0314/164158.863:WARNING:pe_image_reader.cc(302)] could not read dos header from C:\WINDOWS\System32\ole32.dll
[0314/164158.863:ERROR:process_memory_win.cc(73)] ReadMemory at 0x7ffa44ae0000 of 64 bytes failed: Only part of a ReadProcessMemory or WriteProcessMemory request was completed. (0x12B)
[0314/164158.863:WARNING:pe_image_reader.cc(302)] could not read dos header from C:\WINDOWS\System32\OLEAUT32.dll
[0314/164158.863:ERROR:process_memory_win.cc(73)] ReadMemory at 0x7ffa44980000 of 64 bytes failed: Only part of a ReadProcessMemory or WriteProcessMemory request was completed. (0x12B)
[0314/164158.863:WARNING:pe_image_reader.cc(302)] could not read dos header from C:\WINDOWS\System32\WINTRUST.dll
[0314/164158.863:ERROR:process_memory_win.cc(73)] ReadMemory at 0x7ffa43910000 of 64 bytes failed: Only part of a ReadProcessMemory or WriteProcessMemory request was completed. (0x12B)
[0314/164158.863:WARNING:pe_image_reader.cc(302)] could not read dos header from C:\WINDOWS\System32\MSASN1.dll
[0314/164158.863:ERROR:process_memory_win.cc(73)] ReadMemory at 0x7ffa43ac0000 of 64 bytes failed: Only part of a ReadProcessMemory or WriteProcessMemory request was completed. (0x12B)
[0314/164158.863:WARNING:pe_image_reader.cc(302)] could not read dos header from C:\WINDOWS\System32\CRYPT32.dll
[0314/164158.863:ERROR:process_memory_win.cc(73)] ReadMemory at 0x1a884cc0000 of 64 bytes failed: Only part of a ReadProcessMemory or WriteProcessMemory request was completed. (0x12B)
[0314/164158.863:WARNING:pe_image_reader.cc(302)] could not read dos header from C:\WINDOWS\System32\COMDLG32.dll
[0314/164158.864:ERROR:process_memory_win.cc(73)] ReadMemory at 0x7ffa42f00000 of 64 bytes failed: Only part of a ReadProcessMemory or WriteProcessMemory request was completed. (0x12B)
[0314/164158.864:WARNING:pe_image_reader.cc(302)] could not read dos header from C:\WINDOWS\SYSTEM32\IPHLPAPI.DLL
[0314/164158.864:ERROR:process_memory_win.cc(73)] ReadMemory at 0x7ffa2add0000 of 64 bytes failed: Only part of a ReadProcessMemory or WriteProcessMemory request was completed. (0x12B)
[0314/164158.864:WARNING:pe_image_reader.cc(302)] could not read dos header from C:\WINDOWS\SYSTEM32\OLEACC.dll
[0314/164158.864:ERROR:process_memory_win.cc(73)] ReadMemory at 0x7ffa280d0000 of 64 bytes failed: Only part of a ReadProcessMemory or WriteProcessMemory request was completed. (0x12B)
[0314/164158.864:WARNING:pe_image_reader.cc(302)] could not read dos header from C:\WINDOWS\SYSTEM32\DWrite.dll
[0314/164158.864:ERROR:process_memory_win.cc(73)] ReadMemory at 0x7ffa426c0000 of 64 bytes failed: Only part of a ReadProcessMemory or WriteProcessMemory request was completed. (0x12B)
[0314/164158.864:WARNING:pe_image_reader.cc(302)] could not read dos header from C:\WINDOWS\SYSTEM32\dxgi.dll
[0314/164158.864:ERROR:process_memory_win.cc(73)] ReadMemory at 0x7ffa37b30000 of 64 bytes failed: Only part of a ReadProcessMemory or WriteProcessMemory request was completed. (0x12B)
[0314/164158.864:WARNING:pe_image_reader.cc(302)] could not read dos header from C:\WINDOWS\SYSTEM32\WINSPOOL.DRV
[0314/164158.864:ERROR:process_memory_win.cc(73)] ReadMemory at 0x7ffa418b0000 of 64 bytes failed: Only part of a ReadProcessMemory or WriteProcessMemory request was completed. (0x12B)
[0314/164158.864:WARNING:pe_image_reader.cc(302)] could not read dos header from C:\WINDOWS\SYSTEM32\dbghelp.dll
[0314/164158.864:ERROR:process_memory_win.cc(73)] ReadMemory at 0x7ffa1c740000 of 64 bytes failed: Only part of a ReadProcessMemory or WriteProcessMemory request was completed. (0x12B)
[0314/164158.864:WARNING:pe_image_reader.cc(302)] could not read dos header from C:\WINDOWS\SYSTEM32\USP10.dll
[0314/164158.864:ERROR:process_memory_win.cc(73)] ReadMemory at 0x7ffa2a370000 of 64 bytes failed: Only part of a ReadProcessMemory or WriteProcessMemory request was completed. (0x12B)
[0314/164158.864:WARNING:pe_image_reader.cc(302)] could not read dos header from C:\WINDOWS\WinSxS\amd64_microsoft.windows.common-controls_6595b64144ccf1df_6.0.17134.590_none_fb3d9bff3069e088\COMCTL32.dll
[0314/164158.864:ERROR:process_memory_win.cc(73)] ReadMemory at 0x7ffa40f50000 of 64 bytes failed: Only part of a ReadProcessMemory or WriteProcessMemory request was completed. (0x12B)
[0314/164158.864:WARNING:pe_image_reader.cc(302)] could not read dos header from C:\WINDOWS\SYSTEM32\WINHTTP.dll
[0314/164158.864:ERROR:process_memory_win.cc(73)] ReadMemory at 0x7ffa340f0000 of 64 bytes failed: Only part of a ReadProcessMemory or WriteProcessMemory request was completed. (0x12B)
[0314/164158.864:WARNING:pe_image_reader.cc(302)] could not read dos header from C:\WINDOWS\SYSTEM32\urlmon.dll
[0314/164158.864:ERROR:process_memory_win.cc(73)] ReadMemory at 0x7ffa2cc60000 of 64 bytes failed: Only part of a ReadProcessMemory or WriteProcessMemory request was completed. (0x12B)
[0314/164158.864:WARNING:pe_image_reader.cc(302)] could not read dos header from C:\WINDOWS\SYSTEM32\Secur32.dll
[0314/164158.864:ERROR:process_memory_win.cc(73)] ReadMemory at 0x7ffa36e80000 of 64 bytes failed: Only part of a ReadProcessMemory or WriteProcessMemory request was completed. (0x12B)
[0314/164158.864:WARNING:pe_image_reader.cc(302)] could not read dos header from C:\WINDOWS\SYSTEM32\dhcpcsvc.DLL
[0314/164158.864:ERROR:process_memory_win.cc(73)] ReadMemory at 0x7ffa473b0000 of 64 bytes failed: Only part of a ReadProcessMemory or WriteProcessMemory request was completed. (0x12B)
[0314/164158.864:WARNING:pe_image_reader.cc(302)] could not read dos header from C:\WINDOWS\System32\NSI.dll
[0314/164158.864:ERROR:process_memory_win.cc(73)] ReadMemory at 0x7ffa423f0000 of 64 bytes failed: Only part of a ReadProcessMemory or WriteProcessMemory request was completed. (0x12B)
[0314/164158.864:WARNING:pe_image_reader.cc(302)] could not read dos header from C:\WINDOWS\SYSTEM32\PROPSYS.dll
[0314/164158.864:ERROR:process_memory_win.cc(73)] ReadMemory at 0x7ffa43460000 of 64 bytes failed: Only part of a ReadProcessMemory or WriteProcessMemory request was completed. (0x12B)
[0314/164158.865:WARNING:pe_image_reader.cc(302)] could not read dos header from C:\WINDOWS\SYSTEM32\bcrypt.dll
[0314/164158.865:ERROR:process_memory_win.cc(73)] ReadMemory at 0x7ffa34820000 of 64 bytes failed: Only part of a ReadProcessMemory or WriteProcessMemory request was completed. (0x12B)
[0314/164158.865:WARNING:pe_image_reader.cc(302)] could not read dos header from C:\WINDOWS\SYSTEM32\iertutil.dll
[0314/164158.865:ERROR:process_memory_win.cc(73)] ReadMemory at 0x7ffa43830000 of 64 bytes failed: Only part of a ReadProcessMemory or WriteProcessMemory request was completed. (0x12B)
[0314/164158.865:WARNING:pe_image_reader.cc(302)] could not read dos header from C:\WINDOWS\SYSTEM32\SSPICLI.DLL
[0314/164158.882:ERROR:process_memory_win.cc(73)] ReadMemory at 0x5eca7ec000 of 81920 bytes failed: Only part of a ReadProcessMemory or WriteProcessMemory request was completed. (0x12B)
[0314/164158.883:ERROR:process_memory_win.cc(73)] ReadMemory at 0x5eca9ff000 of 4096 bytes failed: Only part of a ReadProcessMemory or WriteProcessMemory request was completed. (0x12B)
[0314/164158.883:ERROR:process_memory_win.cc(73)] ReadMemory at 0x5ecabfe000 of 8192 bytes failed: Only part of a ReadProcessMemory or WriteProcessMemory request was completed. (0x12B)
[0314/164158.883:ERROR:process_memory_win.cc(73)] ReadMemory at 0x5ecadfd000 of 12288 bytes failed: Only part of a ReadProcessMemory or WriteProcessMemory request was completed. (0x12B)
[0314/164158.883:ERROR:process_memory_win.cc(73)] ReadMemory at 0x5ecaffd000 of 12288 bytes failed: Only part of a ReadProcessMemory or WriteProcessMemory request was completed. (0x12B)
[0314/164158.883:ERROR:process_memory_win.cc(73)] ReadMemory at 0x5ecb1fe000 of 8192 bytes failed: Only part of a ReadProcessMemory or WriteProcessMemory request was completed. (0x12B)
[0314/164158.883:ERROR:process_memory_win.cc(73)] ReadMemory at 0x5ecb3fe000 of 8192 bytes failed: Only part of a ReadProcessMemory or WriteProcessMemory request was completed. (0x12B)
[0314/164158.883:ERROR:process_memory_win.cc(73)] ReadMemory at 0x5ecb5fd000 of 12288 bytes failed: Only part of a ReadProcessMemory or WriteProcessMemory request was completed. (0x12B)
[0314/164158.884:ERROR:process_memory_win.cc(73)] ReadMemory at 0x5ecb7fe000 of 8192 bytes failed: Only part of a ReadProcessMemory or WriteProcessMemory request was completed. (0x12B)
[0314/164158.884:ERROR:process_memory_win.cc(73)] ReadMemory at 0x5ecb9fe000 of 8192 bytes failed: Only part of a ReadProcessMemory or WriteProcessMemory request was completed. (0x12B)
[0314/164158.884:ERROR:process_memory_win.cc(73)] ReadMemory at 0x5ecbbfd000 of 12288 bytes failed: Only part of a ReadProcessMemory or WriteProcessMemory request was completed. (0x12B)
[0314/164158.884:ERROR:process_memory_win.cc(73)] ReadMemory at 0x5ecbde8000 of 98304 bytes failed: Only part of a ReadProcessMemory or WriteProcessMemory request was completed. (0x12B)
[0314/164158.884:ERROR:process_memory_win.cc(73)] ReadMemory at 0x5ecbfe8000 of 98304 bytes failed: Only part of a ReadProcessMemory or WriteProcessMemory request was completed. (0x12B)
[0314/164158.884:ERROR:process_memory_win.cc(73)] ReadMemory at 0x5ecc1fe000 of 8192 bytes failed: Only part of a ReadProcessMemory or WriteProcessMemory request was completed. (0x12B)
[0314/164158.884:ERROR:process_memory_win.cc(73)] ReadMemory at 0x5ecc3fd000 of 12288 bytes failed: Only part of a ReadProcessMemory or WriteProcessMemory request was completed. (0x12B)
[0314/164158.884:ERROR:process_memory_win.cc(73)] ReadMemory at 0x5ecc5fa000 of 24576 bytes failed: Only part of a ReadProcessMemory or WriteProcessMemory request was completed. (0x12B)
[0314/164158.884:ERROR:process_memory_win.cc(73)] ReadMemory at 0x5ecc7fd000 of 12288 bytes failed: Only part of a ReadProcessMemory or WriteProcessMemory request was completed. (0x12B)
[0314/164158.885:ERROR:process_memory_win.cc(73)] ReadMemory at 0x5ecc9ef000 of 69632 bytes failed: Only part of a ReadProcessMemory or WriteProcessMemory request was completed. (0x12B)
[0314/164158.885:ERROR:process_memory_win.cc(73)] ReadMemory at 0x5eca5db000 of 852 bytes failed: Only part of a ReadProcessMemory or WriteProcessMemory request was completed. (0x12B)
[0314/164158.885:ERROR:process_memory_win.cc(73)] ReadMemory at 0x5eca5dc000 of 6024 bytes failed: Only part of a ReadProcessMemory or WriteProcessMemory request was completed. (0x12B)
[0314/164158.885:ERROR:process_memory_win.cc(73)] ReadMemory at 0x5eca5de000 of 6024 bytes failed: Only part of a ReadProcessMemory or WriteProcessMemory request was completed. (0x12B)
[0314/164158.885:ERROR:process_memory_win.cc(73)] ReadMemory at 0x5eca5e0000 of 6024 bytes failed: Only part of a ReadProcessMemory or WriteProcessMemory request was completed. (0x12B)
[0314/164158.885:ERROR:process_memory_win.cc(73)] ReadMemory at 0x5eca5e2000 of 6024 bytes failed: Only part of a ReadProcessMemory or WriteProcessMemory request was completed. (0x12B)
[0314/164158.885:ERROR:process_memory_win.cc(73)] ReadMemory at 0x5eca5e4000 of 6024 bytes failed: Only part of a ReadProcessMemory or WriteProcessMemory request was completed. (0x12B)
[0314/164158.885:ERROR:process_memory_win.cc(73)] ReadMemory at 0x5eca5e6000 of 6024 bytes failed: Only part of a ReadProcessMemory or WriteProcessMemory request was completed. (0x12B)
[0314/164158.885:ERROR:process_memory_win.cc(73)] ReadMemory at 0x5eca5e8000 of 6024 bytes failed: Only part of a ReadProcessMemory or WriteProcessMemory request was completed. (0x12B)
[0314/164158.885:ERROR:process_memory_win.cc(73)] ReadMemory at 0x5eca5ea000 of 6024 bytes failed: Only part of a ReadProcessMemory or WriteProcessMemory request was completed. (0x12B)
[0314/164158.886:ERROR:process_memory_win.cc(73)] ReadMemory at 0x5eca5ec000 of 6024 bytes failed: Only part of a ReadProcessMemory or WriteProcessMemory request was completed. (0x12B)
[0314/164158.886:ERROR:process_memory_win.cc(73)] ReadMemory at 0x5eca5ee000 of 6024 bytes failed: Only part of a ReadProcessMemory or WriteProcessMemory request was completed. (0x12B)
[0314/164158.886:ERROR:process_memory_win.cc(73)] ReadMemory at 0x5eca5f0000 of 6024 bytes failed: Only part of a ReadProcessMemory or WriteProcessMemory request was completed. (0x12B)
[0314/164158.886:ERROR:process_memory_win.cc(73)] ReadMemory at 0x5eca5f2000 of 6024 bytes failed: Only part of a ReadProcessMemory or WriteProcessMemory request was completed. (0x12B)
[0314/164158.886:ERROR:process_memory_win.cc(73)] ReadMemory at 0x5eca5f4000 of 6024 bytes failed: Only part of a ReadProcessMemory or WriteProcessMemory request was completed. (0x12B)
[0314/164158.886:ERROR:process_memory_win.cc(73)] ReadMemory at 0x5eca5f6000 of 6024 bytes failed: Only part of a ReadProcessMemory or WriteProcessMemory request was completed. (0x12B)
[0314/164158.886:ERROR:process_memory_win.cc(73)] ReadMemory at 0x5eca5f8000 of 6024 bytes failed: Only part of a ReadProcessMemory or WriteProcessMemory request was completed. (0x12B)
[0314/164158.886:ERROR:process_memory_win.cc(73)] ReadMemory at 0x5eca5fa000 of 6024 bytes failed: Only part of a ReadProcessMemory or WriteProcessMemory request was completed. (0x12B)
[0314/164158.886:ERROR:process_memory_win.cc(73)] ReadMemory at 0x5eca5fc000 of 6024 bytes failed: Only part of a ReadProcessMemory or WriteProcessMemory request was completed. (0x12B)
[0314/164158.886:ERROR:process_memory_win.cc(73)] ReadMemory at 0x5eca5fe000 of 6024 bytes failed: Only part of a ReadProcessMemory or WriteProcessMemory request was completed. (0x12B)
[0314/164158.886:ERROR:process_memory_win.cc(73)] ReadMemory at 0x1a884a40ab0 of 512 bytes failed: Only part of a ReadProcessMemory or WriteProcessMemory request was completed. (0x12B)
[0314/164158.886:ERROR:process_memory_win.cc(73)] ReadMemory at 0x1a884a40fc0 of 5820 bytes failed: Only part of a ReadProcessMemory or WriteProcessMemory request was completed. (0x12B)
[0314/164158.887:ERROR:process_memory_win.cc(73)] ReadMemory at 0x1a884a42690 of 1012 bytes failed: Only part of a ReadProcessMemory or WriteProcessMemory request was completed. (0x12B)
[0314/164158.887:ERROR:process_memory_win.cc(73)] ReadMemory at 0x1a884a42ca8 of 118 bytes failed: Only part of a ReadProcessMemory or WriteProcessMemory request was completed. (0x12B)
[0314/164158.887:ERROR:process_memory_win.cc(73)] ReadMemory at 0x1a884a42d20 of 1490 bytes failed: Only part of a ReadProcessMemory or WriteProcessMemory request was completed. (0x12B)
[0314/164158.887:ERROR:process_memory_win.cc(73)] ReadMemory at 0x1a884a432f4 of 118 bytes failed: Only part of a ReadProcessMemory or WriteProcessMemory request was completed. (0x12B)
[0314/164158.887:ERROR:process_memory_win.cc(73)] ReadMemory at 0x1a884a4336c of 100 bytes failed: Only part of a ReadProcessMemory or WriteProcessMemory request was completed. (0x12B)
[0314/164158.887:ERROR:process_memory_win.cc(73)] ReadMemory at 0x1a884a433e0 of 58 bytes failed: Only part of a ReadProcessMemory or WriteProcessMemory request was completed. (0x12B)
[0314/164158.887:ERROR:process_memory_win.cc(73)] ReadMemory at 0x1a884a434e0 of 132 bytes failed: Only part of a ReadProcessMemory or WriteProcessMemory request was completed. (0x12B)
[0314/164158.887:ERROR:process_memory_win.cc(73)] ReadMemory at 0x1a884a43670 of 132 bytes failed: Only part of a ReadProcessMemory or WriteProcessMemory request was completed. (0x12B)
[0314/164158.887:ERROR:process_memory_win.cc(73)] ReadMemory at 0x1a884a43830 of 126 bytes failed: Only part of a ReadProcessMemory or WriteProcessMemory request was completed. (0x12B)
[0314/164158.887:ERROR:process_memory_win.cc(73)] ReadMemory at 0x1a884a44410 of 132 bytes failed: Only part of a ReadProcessMemory or WriteProcessMemory request was completed. (0x12B)
[0314/164158.887:ERROR:process_memory_win.cc(73)] ReadMemory at 0x1a884a445a0 of 64 bytes failed: Only part of a ReadProcessMemory or WriteProcessMemory request was completed. (0x12B)
[0314/164158.887:ERROR:process_memory_win.cc(73)] ReadMemory at 0x1a884a445f0 of 132 bytes failed: Only part of a ReadProcessMemory or WriteProcessMemory request was completed. (0x12B)
[0314/164158.887:ERROR:process_memory_win.cc(73)] ReadMemory at 0x1a884a44960 of 62 bytes failed: Only part of a ReadProcessMemory or WriteProcessMemory request was completed. (0x12B)
[0314/164158.887:ERROR:process_memory_win.cc(73)] ReadMemory at 0x1a884a449f0 of 132 bytes failed: Only part of a ReadProcessMemory or WriteProcessMemory request was completed. (0x12B)
[0314/164158.887:ERROR:process_memory_win.cc(73)] ReadMemory at 0x1a884a44b80 of 68 bytes failed: Only part of a ReadProcessMemory or WriteProcessMemory request was completed. (0x12B)
[0314/164158.887:ERROR:process_memory_win.cc(73)] ReadMemory at 0x1a884a4f650 of 132 bytes failed: Only part of a ReadProcessMemory or WriteProcessMemory request was completed. (0x12B)
[0314/164158.888:ERROR:process_memory_win.cc(73)] ReadMemory at 0x1a884a4f860 of 132 bytes failed: Only part of a ReadProcessMemory or WriteProcessMemory request was completed. (0x12B)
[0314/164158.888:ERROR:process_memory_win.cc(73)] ReadMemory at 0x1a884a4f9f0 of 62 bytes failed: Only part of a ReadProcessMemory or WriteProcessMemory request was completed. (0x12B)
[0314/164158.888:ERROR:process_memory_win.cc(73)] ReadMemory at 0x1a884a51190 of 132 bytes failed: Only part of a ReadProcessMemory or WriteProcessMemory request was completed. (0x12B)
[0314/164158.888:ERROR:process_memory_win.cc(73)] ReadMemory at 0x1a884a512c0 of 60 bytes failed: Only part of a ReadProcessMemory or WriteProcessMemory request was completed. (0x12B)
[0314/164158.888:ERROR:process_memory_win.cc(73)] ReadMemory at 0x1a884a514e0 of 132 bytes failed: Only part of a ReadProcessMemory or WriteProcessMemory request was completed. (0x12B)
[0314/164158.888:ERROR:process_memory_win.cc(73)] ReadMemory at 0x1a884a51670 of 64 bytes failed: Only part of a ReadProcessMemory or WriteProcessMemory request was completed. (0x12B)
[0314/164158.888:ERROR:process_memory_win.cc(73)] ReadMemory at 0x1a884a518c0 of 132 bytes failed: Only part of a ReadProcessMemory or WriteProcessMemory request was completed. (0x12B)
[0314/164158.888:ERROR:process_memory_win.cc(73)] ReadMemory at 0x1a884a51c80 of 76 bytes failed: Only part of a ReadProcessMemory or WriteProcessMemory request was completed. (0x12B)
[0314/164158.888:ERROR:process_memory_win.cc(73)] ReadMemory at 0x1a884a51ce0 of 80 bytes failed: Only part of a ReadProcessMemory or WriteProcessMemory request was completed. (0x12B)
[0314/164158.888:ERROR:process_memory_win.cc(73)] ReadMemory at 0x1a884a52160 of 78 bytes failed: Only part of a ReadProcessMemory or WriteProcessMemory request was completed. (0x12B)
[0314/164158.888:ERROR:process_memory_win.cc(73)] ReadMemory at 0x1a884a52200 of 64 bytes failed: Only part of a ReadProcessMemory or WriteProcessMemory request was completed. (0x12B)
[0314/164158.888:ERROR:process_memory_win.cc(73)] ReadMemory at 0x1a884a52430 of 132 bytes failed: Only part of a ReadProcessMemory or WriteProcessMemory request was completed. (0x12B)
[0314/164158.888:ERROR:process_memory_win.cc(73)] ReadMemory at 0x1a884a52560 of 60 bytes failed: Only part of a ReadProcessMemory or WriteProcessMemory request was completed. (0x12B)
[0314/164158.888:ERROR:process_memory_win.cc(73)] ReadMemory at 0x1a884a52820 of 132 bytes failed: Only part of a ReadProcessMemory or WriteProcessMemory request was completed. (0x12B)
[0314/164158.888:ERROR:process_memory_win.cc(73)] ReadMemory at 0x1a884a529a0 of 60 bytes failed: Only part of a ReadProcessMemory or WriteProcessMemory request was completed. (0x12B)
[0314/164158.888:ERROR:process_memory_win.cc(73)] ReadMemory at 0x1a884a52a40 of 66 bytes failed: Only part of a ReadProcessMemory or WriteProcessMemory request was completed. (0x12B)
[0314/164158.888:ERROR:process_memory_win.cc(73)] ReadMemory at 0x1a884a52a90 of 60 bytes failed: Only part of a ReadProcessMemory or WriteProcessMemory request was completed. (0x12B)
[0314/164158.888:ERROR:process_memory_win.cc(73)] ReadMemory at 0x1a884a52ae0 of 58 bytes failed: Only part of a ReadProcessMemory or WriteProcessMemory request was completed. (0x12B)
[0314/164158.888:ERROR:process_memory_win.cc(73)] ReadMemory at 0x1a884a52b30 of 64 bytes failed: Only part of a ReadProcessMemory or WriteProcessMemory request was completed. (0x12B)
[0314/164158.888:ERROR:process_memory_win.cc(73)] ReadMemory at 0x1a884a52c20 of 64 bytes failed: Only part of a ReadProcessMemory or WriteProcessMemory request was completed. (0x12B)
[0314/164158.888:ERROR:process_memory_win.cc(73)] ReadMemory at 0x1a884a52c70 of 60 bytes failed: Only part of a ReadProcessMemory or WriteProcessMemory request was completed. (0x12B)
[0314/164158.888:ERROR:process_memory_win.cc(73)] ReadMemory at 0x1a884a52cc0 of 66 bytes failed: Only part of a ReadProcessMemory or WriteProcessMemory request was completed. (0x12B)
[0314/164158.888:ERROR:process_memory_win.cc(73)] ReadMemory at 0x1a884a52d10 of 60 bytes failed: Only part of a ReadProcessMemory or WriteProcessMemory request was completed. (0x12B)
[0314/164158.888:ERROR:process_memory_win.cc(73)] ReadMemory at 0x1a884a52e00 of 62 bytes failed: Only part of a ReadProcessMemory or WriteProcessMemory request was completed. (0x12B)
[0314/164158.889:ERROR:process_memory_win.cc(73)] ReadMemory at 0x1a884a52ea0 of 62 bytes failed: Only part of a ReadProcessMemory or WriteProcessMemory request was completed. (0x12B)
[0314/164158.889:ERROR:process_memory_win.cc(73)] ReadMemory at 0x1a884a52ef0 of 64 bytes failed: Only part of a ReadProcessMemory or WriteProcessMemory request was completed. (0x12B)
[0314/164158.889:ERROR:process_memory_win.cc(73)] ReadMemory at 0x1a884a52f40 of 58 bytes failed: Only part of a ReadProcessMemory or WriteProcessMemory request was completed. (0x12B)
[0314/164158.889:ERROR:process_memory_win.cc(73)] ReadMemory at 0x1a884a52f90 of 62 bytes failed: Only part of a ReadProcessMemory or WriteProcessMemory request was completed. (0x12B)
[0314/164158.889:ERROR:process_memory_win.cc(73)] ReadMemory at 0x1a884a530d0 of 62 bytes failed: Only part of a ReadProcessMemory or WriteProcessMemory request was completed. (0x12B)
[0314/164158.889:ERROR:process_memory_win.cc(73)] ReadMemory at 0x1a884a53320 of 132 bytes failed: Only part of a ReadProcessMemory or WriteProcessMemory request was completed. (0x12B)
[0314/164158.889:ERROR:process_memory_win.cc(73)] ReadMemory at 0x1a884a536e0 of 132 bytes failed: Only part of a ReadProcessMemory or WriteProcessMemory request was completed. (0x12B)
[0314/164158.889:ERROR:process_memory_win.cc(73)] ReadMemory at 0x1a884a539a0 of 132 bytes failed: Only part of a ReadProcessMemory or WriteProcessMemory request was completed. (0x12B)
[0314/164158.889:ERROR:process_memory_win.cc(73)] ReadMemory at 0x1a884a555e0 of 132 bytes failed: Only part of a ReadProcessMemory or WriteProcessMemory request was completed. (0x12B)
[0314/164158.889:ERROR:process_memory_win.cc(73)] ReadMemory at 0x1a884a55710 of 132 bytes failed: Only part of a ReadProcessMemory or WriteProcessMemory request was completed. (0x12B)
[0314/164158.889:ERROR:process_memory_win.cc(73)] ReadMemory at 0x1a884a55840 of 132 bytes failed: Only part of a ReadProcessMemory or WriteProcessMemory request was completed. (0x12B)
[0314/164158.889:ERROR:process_memory_win.cc(73)] ReadMemory at 0x1a884a55970 of 132 bytes failed: Only part of a ReadProcessMemory or WriteProcessMemory request was completed. (0x12B)
[0314/164158.889:ERROR:process_memory_win.cc(73)] ReadMemory at 0x1a884a55aa0 of 132 bytes failed: Only part of a ReadProcessMemory or WriteProcessMemory request was completed. (0x12B)
[0314/164158.889:ERROR:process_memory_win.cc(73)] ReadMemory at 0x1a884a55bd0 of 132 bytes failed: Only part of a ReadProcessMemory or WriteProcessMemory request was completed. (0x12B)
[0314/164158.889:ERROR:process_memory_win.cc(73)] ReadMemory at 0x1a884a55d00 of 132 bytes failed: Only part of a ReadProcessMemory or WriteProcessMemory request was completed. (0x12B)
[0314/164158.889:ERROR:process_memory_win.cc(73)] ReadMemory at 0x1a884a55e30 of 132 bytes failed: Only part of a ReadProcessMemory or WriteProcessMemory request was completed. (0x12B)
[0314/164158.889:ERROR:process_memory_win.cc(73)] ReadMemory at 0x1a884a55f60 of 132 bytes failed: Only part of a ReadProcessMemory or WriteProcessMemory request was completed. (0x12B)
[0314/164158.890:ERROR:process_memory_win.cc(73)] ReadMemory at 0x1a884a56090 of 132 bytes failed: Only part of a ReadProcessMemory or WriteProcessMemory request was completed. (0x12B)
[0314/164158.890:ERROR:process_memory_win.cc(73)] ReadMemory at 0x1a884a561c0 of 132 bytes failed: Only part of a ReadProcessMemory or WriteProcessMemory request was completed. (0x12B)
[0314/164158.890:ERROR:process_memory_win.cc(73)] ReadMemory at 0x1a884a562f0 of 132 bytes failed: Only part of a ReadProcessMemory or WriteProcessMemory request was completed. (0x12B)
[0314/164158.890:ERROR:process_memory_win.cc(73)] ReadMemory at 0x1a884a56420 of 132 bytes failed: Only part of a ReadProcessMemory or WriteProcessMemory request was completed. (0x12B)
[0314/164158.890:ERROR:process_memory_win.cc(73)] ReadMemory at 0x1a884a57160 of 246 bytes failed: Only part of a ReadProcessMemory or WriteProcessMemory request was completed. (0x12B)
[0314/164158.890:ERROR:process_memory_win.cc(73)] ReadMemory at 0x1a884a58740 of 132 bytes failed: Only part of a ReadProcessMemory or WriteProcessMemory request was completed. (0x12B)
[0314/164158.890:ERROR:process_memory_win.cc(73)] ReadMemory at 0x1a884a58870 of 132 bytes failed: Only part of a ReadProcessMemory or WriteProcessMemory request was completed. (0x12B)
[0314/164158.890:ERROR:process_memory_win.cc(73)] ReadMemory at 0x1a884a589a0 of 132 bytes failed: Only part of a ReadProcessMemory or WriteProcessMemory request was completed. (0x12B)
[0314/164158.890:ERROR:process_memory_win.cc(73)] ReadMemory at 0x1a884a58ad0 of 132 bytes failed: Only part of a ReadProcessMemory or WriteProcessMemory request was completed. (0x12B)
[0314/164158.890:ERROR:process_memory_win.cc(73)] ReadMemory at 0x1a884a58c00 of 132 bytes failed: Only part of a ReadProcessMemory or WriteProcessMemory request was completed. (0x12B)
[0314/164158.890:ERROR:process_memory_win.cc(73)] ReadMemory at 0x1a884a58d30 of 132 bytes failed: Only part of a ReadProcessMemory or WriteProcessMemory request was completed. (0x12B)
[0314/164158.890:ERROR:process_memory_win.cc(73)] ReadMemory at 0x1a884a58e60 of 132 bytes failed: Only part of a ReadProcessMemory or WriteProcessMemory request was completed. (0x12B)
[0314/164158.890:ERROR:process_memory_win.cc(73)] ReadMemory at 0x1a884a58f90 of 132 bytes failed: Only part of a ReadProcessMemory or WriteProcessMemory request was completed. (0x12B)
[0314/164158.890:ERROR:process_memory_win.cc(73)] ReadMemory at 0x1a884a590c0 of 132 bytes failed: Only part of a ReadProcessMemory or WriteProcessMemory request was completed. (0x12B)
[0314/164158.890:ERROR:process_memory_win.cc(73)] ReadMemory at 0x1a884a591f0 of 132 bytes failed: Only part of a ReadProcessMemory or WriteProcessMemory request was completed. (0x12B)
[0314/164158.890:ERROR:process_memory_win.cc(73)] ReadMemory at 0x1a884a59320 of 132 bytes failed: Only part of a ReadProcessMemory or WriteProcessMemory request was completed. (0x12B)
[0314/164158.890:ERROR:process_memory_win.cc(73)] ReadMemory at 0x1a884a59450 of 132 bytes failed: Only part of a ReadProcessMemory or WriteProcessMemory request was completed. (0x12B)
[0314/164158.890:ERROR:process_memory_win.cc(73)] ReadMemory at 0x1a884a59580 of 132 bytes failed: Only part of a ReadProcessMemory or WriteProcessMemory request was completed. (0x12B)
[0314/164158.890:ERROR:process_memory_win.cc(73)] ReadMemory at 0x1a884a596b0 of 132 bytes failed: Only part of a ReadProcessMemory or WriteProcessMemory request was completed. (0x12B)
[0314/164158.891:ERROR:process_memory_win.cc(73)] ReadMemory at 0x1a884a597e0 of 132 bytes failed: Only part of a ReadProcessMemory or WriteProcessMemory request was completed. (0x12B)
[0314/164158.891:ERROR:process_memory_win.cc(73)] ReadMemory at 0x1a884a59910 of 132 bytes failed: Only part of a ReadProcessMemory or WriteProcessMemory request was completed. (0x12B)
[0314/164158.891:ERROR:process_memory_win.cc(73)] ReadMemory at 0x1a884a59a40 of 132 bytes failed: Only part of a ReadProcessMemory or WriteProcessMemory request was completed. (0x12B)
[0314/164158.891:ERROR:process_memory_win.cc(73)] ReadMemory at 0x1a884a59b70 of 132 bytes failed: Only part of a ReadProcessMemory or WriteProcessMemory request was completed. (0x12B)
[0314/164158.891:ERROR:process_memory_win.cc(73)] ReadMemory at 0x1a884a59ca0 of 132 bytes failed: Only part of a ReadProcessMemory or WriteProcessMemory request was completed. (0x12B)
[0314/164158.891:ERROR:process_memory_win.cc(73)] ReadMemory at 0x1a884a59dd0 of 132 bytes failed: Only part of a ReadProcessMemory or WriteProcessMemory request was completed. (0x12B)
[0314/164158.891:ERROR:process_memory_win.cc(73)] ReadMemory at 0x1a884a5a030 of 132 bytes failed: Only part of a ReadProcessMemory or WriteProcessMemory request was completed. (0x12B)
[0314/164158.891:ERROR:process_memory_win.cc(73)] ReadMemory at 0x1a884a5a160 of 132 bytes failed: Only part of a ReadProcessMemory or WriteProcessMemory request was completed. (0x12B)
[0314/164158.891:ERROR:process_memory_win.cc(73)] ReadMemory at 0x1a884a5a290 of 132 bytes failed: Only part of a ReadProcessMemory or WriteProcessMemory request was completed. (0x12B)
[0314/164158.891:ERROR:process_memory_win.cc(73)] ReadMemory at 0x1a884a5a3c0 of 132 bytes failed: Only part of a ReadProcessMemory or WriteProcessMemory request was completed. (0x12B)
[0314/164158.891:ERROR:process_memory_win.cc(73)] ReadMemory at 0x1a884a5a4f0 of 132 bytes failed: Only part of a ReadProcessMemory or WriteProcessMemory request was completed. (0x12B)
[0314/164158.891:ERROR:process_memory_win.cc(73)] ReadMemory at 0x1a884a5a8c0 of 154 bytes failed: Only part of a ReadProcessMemory or WriteProcessMemory request was completed. (0x12B)
[0314/164158.891:ERROR:process_memory_win.cc(73)] ReadMemory at 0x1a884a5c8fc of 512 bytes failed: Only part of a ReadProcessMemory or WriteProcessMemory request was completed. (0x12B)
[0314/164158.891:ERROR:process_memory_win.cc(73)] ReadMemory at 0x1a884a5dc10 of 62 bytes failed: Only part of a ReadProcessMemory or WriteProcessMemory request was completed. (0x12B)
[0314/164158.892:ERROR:process_memory_win.cc(73)] ReadMemory at 0x1a884a5dcb0 of 58 bytes failed: Only part of a ReadProcessMemory or WriteProcessMemory request was completed. (0x12B)
[0314/164158.892:ERROR:process_memory_win.cc(73)] ReadMemory at 0x1a884a5de40 of 64 bytes failed: Only part of a ReadProcessMemory or WriteProcessMemory request was completed. (0x12B)
[0314/164158.892:ERROR:process_memory_win.cc(73)] ReadMemory at 0x1a884a5df30 of 64 bytes failed: Only part of a ReadProcessMemory or WriteProcessMemory request was completed. (0x12B)
[0314/164158.892:ERROR:process_memory_win.cc(73)] ReadMemory at 0x1a884a5df80 of 62 bytes failed: Only part of a ReadProcessMemory or WriteProcessMemory request was completed. (0x12B)
[0314/164158.892:ERROR:process_memory_win.cc(73)] ReadMemory at 0x1a884a5dfd0 of 64 bytes failed: Only part of a ReadProcessMemory or WriteProcessMemory request was completed. (0x12B)
[0314/164158.892:ERROR:process_memory_win.cc(73)] ReadMemory at 0x1a884a5e200 of 60 bytes failed: Only part of a ReadProcessMemory or WriteProcessMemory request was completed. (0x12B)
[0314/164158.892:ERROR:process_memory_win.cc(73)] ReadMemory at 0x1a884a5e340 of 66 bytes failed: Only part of a ReadProcessMemory or WriteProcessMemory request was completed. (0x12B)
[0314/164158.892:ERROR:process_memory_win.cc(73)] ReadMemory at 0x1a884a5e390 of 58 bytes failed: Only part of a ReadProcessMemory or WriteProcessMemory request was completed. (0x12B)
[0314/164158.892:ERROR:process_memory_win.cc(73)] ReadMemory at 0x1a884a5e3e0 of 62 bytes failed: Only part of a ReadProcessMemory or WriteProcessMemory request was completed. (0x12B)
[0314/164158.892:ERROR:process_memory_win.cc(73)] ReadMemory at 0x1a884a5e480 of 58 bytes failed: Only part of a ReadProcessMemory or WriteProcessMemory request was completed. (0x12B)
[0314/164158.892:ERROR:process_memory_win.cc(73)] ReadMemory at 0x1a884a5e610 of 66 bytes failed: Only part of a ReadProcessMemory or WriteProcessMemory request was completed. (0x12B)
[0314/164158.892:ERROR:process_memory_win.cc(73)] ReadMemory at 0x1a884a5e930 of 60 bytes failed: Only part of a ReadProcessMemory or WriteProcessMemory request was completed. (0x12B)
[0314/164158.892:ERROR:process_memory_win.cc(73)] ReadMemory at 0x1a884a63930 of 54 bytes failed: Only part of a ReadProcessMemory or WriteProcessMemory request was completed. (0x12B)
[0314/164158.892:ERROR:process_memory_win.cc(73)] ReadMemory at 0x1a884a662e0 of 158 bytes failed: Only part of a ReadProcessMemory or WriteProcessMemory request was completed. (0x12B)
[0314/164158.893:ERROR:process_memory_win.cc(73)] ReadMemory at 0x1a884a69f70 of 512 bytes failed: Only part of a ReadProcessMemory or WriteProcessMemory request was completed. (0x12B)
[0314/164158.893:ERROR:process_memory_win.cc(73)] ReadMemory at 0x1a884a6abf0 of 132 bytes failed: Only part of a ReadProcessMemory or WriteProcessMemory request was completed. (0x12B)
[0314/164158.893:ERROR:process_memory_win.cc(73)] ReadMemory at 0x1a884a6bdc0 of 132 bytes failed: Only part of a ReadProcessMemory or WriteProcessMemory request was completed. (0x12B)
[0314/164158.893:ERROR:process_memory_win.cc(73)] ReadMemory at 0x1a884a6c280 of 132 bytes failed: Only part of a ReadProcessMemory or WriteProcessMemory request was completed. (0x12B)
[0314/164158.893:ERROR:process_memory_win.cc(73)] ReadMemory at 0x1a884a6c3b0 of 132 bytes failed: Only part of a ReadProcessMemory or WriteProcessMemory request was completed. (0x12B)
[0314/164158.893:ERROR:process_memory_win.cc(73)] ReadMemory at 0x1a884a6c4e0 of 132 bytes failed: Only part of a ReadProcessMemory or WriteProcessMemory request was completed. (0x12B)
[0314/164158.893:ERROR:process_memory_win.cc(73)] ReadMemory at 0x1a884a6c740 of 132 bytes failed: Only part of a ReadProcessMemory or WriteProcessMemory request was completed. (0x12B)
[0314/164158.893:ERROR:process_memory_win.cc(73)] ReadMemory at 0x1a884a6de90 of 60 bytes failed: Only part of a ReadProcessMemory or WriteProcessMemory request was completed. (0x12B)
[0314/164158.893:ERROR:process_memory_win.cc(73)] ReadMemory at 0x1a884a6df30 of 62 bytes failed: Only part of a ReadProcessMemory or WriteProcessMemory request was completed. (0x12B)
[0314/164158.894:ERROR:process_memory_win.cc(73)] ReadMemory at 0x1a884a6e110 of 64 bytes failed: Only part of a ReadProcessMemory or WriteProcessMemory request was completed. (0x12B)
[0314/164158.894:ERROR:process_memory_win.cc(73)] ReadMemory at 0x1a884a6e430 of 60 bytes failed: Only part of a ReadProcessMemory or WriteProcessMemory request was completed. (0x12B)
[0314/164158.894:ERROR:process_memory_win.cc(73)] ReadMemory at 0x1a884a6e570 of 56 bytes failed: Only part of a ReadProcessMemory or WriteProcessMemory request was completed. (0x12B)
[0314/164158.894:ERROR:process_memory_win.cc(73)] ReadMemory at 0x1a884a6e660 of 62 bytes failed: Only part of a ReadProcessMemory or WriteProcessMemory request was completed. (0x12B)
[0314/164158.894:ERROR:process_memory_win.cc(73)] ReadMemory at 0x1a884a6e8e0 of 60 bytes failed: Only part of a ReadProcessMemory or WriteProcessMemory request was completed. (0x12B)
[0314/164158.894:ERROR:process_memory_win.cc(73)] ReadMemory at 0x1a884a6e930 of 64 bytes failed: Only part of a ReadProcessMemory or WriteProcessMemory request was completed. (0x12B)
[0314/164158.894:ERROR:process_memory_win.cc(73)] ReadMemory at 0x1a884a6eb60 of 58 bytes failed: Only part of a ReadProcessMemory or WriteProcessMemory request was completed. (0x12B)
[0314/164158.894:ERROR:process_memory_win.cc(73)] ReadMemory at 0x1a884a6ec00 of 62 bytes failed: Only part of a ReadProcessMemory or WriteProcessMemory request was completed. (0x12B)
[0314/164158.894:ERROR:process_memory_win.cc(73)] ReadMemory at 0x1a884a6ec50 of 60 bytes failed: Only part of a ReadProcessMemory or WriteProcessMemory request was completed. (0x12B)
[0314/164158.894:ERROR:process_memory_win.cc(73)] ReadMemory at 0x1a884a6ecf0 of 62 bytes failed: Only part of a ReadProcessMemory or WriteProcessMemory request was completed. (0x12B)
[0314/164158.894:ERROR:process_memory_win.cc(73)] ReadMemory at 0x1a884a6ed40 of 62 bytes failed: Only part of a ReadProcessMemory or WriteProcessMemory request was completed. (0x12B)
[0314/164158.894:ERROR:process_memory_win.cc(73)] ReadMemory at 0x1a884a6ede0 of 64 bytes failed: Only part of a ReadProcessMemory or WriteProcessMemory request was completed. (0x12B)
[0314/164158.895:ERROR:process_memory_win.cc(73)] ReadMemory at 0x1a884a86f10 of 512 bytes failed: Only part of a ReadProcessMemory or WriteProcessMemory request was completed. (0x12B)
[0314/164158.895:ERROR:process_memory_win.cc(73)] ReadMemory at 0x1a884a87ea0 of 512 bytes failed: Only part of a ReadProcessMemory or WriteProcessMemory request was completed. (0x12B)
[0314/164158.895:ERROR:process_memory_win.cc(73)] ReadMemory at 0x1a884a88f50 of 512 bytes failed: Only part of a ReadProcessMemory or WriteProcessMemory request was completed. (0x12B)
[0314/164158.895:ERROR:process_memory_win.cc(73)] ReadMemory at 0x1a884dc0e80 of 512 bytes failed: Only part of a ReadProcessMemory or WriteProcessMemory request was completed. (0x12B)
[0314/164158.895:ERROR:process_memory_win.cc(73)] ReadMemory at 0x1a8851ca101 of 512 bytes failed: Only part of a ReadProcessMemory or WriteProcessMemory request was completed. (0x12B)
[0314/164158.895:ERROR:process_memory_win.cc(73)] ReadMemory at 0x1a8851d90c0 of 512 bytes failed: Only part of a ReadProcessMemory or WriteProcessMemory request was completed. (0x12B)
[0314/164158.895:ERROR:process_memory_win.cc(73)] ReadMemory at 0x1a8851e3740 of 512 bytes failed: Only part of a ReadProcessMemory or WriteProcessMemory request was completed. (0x12B)
[0314/164158.895:ERROR:process_memory_win.cc(73)] ReadMemory at 0x1a8851fd290 of 512 bytes failed: Only part of a ReadProcessMemory or WriteProcessMemory request was completed. (0x12B)
[0314/164158.895:ERROR:process_memory_win.cc(73)] ReadMemory at 0x1a885202840 of 512 bytes failed: Only part of a ReadProcessMemory or WriteProcessMemory request was completed. (0x12B)
[0314/164158.895:ERROR:process_memory_win.cc(73)] ReadMemory at 0x1a8852113f0 of 696 bytes failed: Only part of a ReadProcessMemory or WriteProcessMemory request was completed. (0x12B)
[0314/164158.895:ERROR:process_memory_win.cc(73)] ReadMemory at 0x1a8852158b0 of 512 bytes failed: Only part of a ReadProcessMemory or WriteProcessMemory request was completed. (0x12B)
[0314/164158.895:ERROR:process_memory_win.cc(73)] ReadMemory at 0x1a88521b230 of 512 bytes failed: Only part of a ReadProcessMemory or WriteProcessMemory request was completed. (0x12B)
[0314/164158.895:ERROR:process_memory_win.cc(73)] ReadMemory at 0x1a88522eb60 of 512 bytes failed: Only part of a ReadProcessMemory or WriteProcessMemory request was completed. (0x12B)
[0314/164158.895:ERROR:process_memory_win.cc(73)] ReadMemory at 0x1a88522f748 of 512 bytes failed: Only part of a ReadProcessMemory or WriteProcessMemory request was completed. (0x12B)
[0314/164158.895:ERROR:process_memory_win.cc(73)] ReadMemory at 0x1a885236380 of 640 bytes failed: Only part of a ReadProcessMemory or WriteProcessMemory request was completed. (0x12B)
[0314/164158.895:ERROR:process_memory_win.cc(73)] ReadMemory at 0x1a88536ff80 of 512 bytes failed: Only part of a ReadProcessMemory or WriteProcessMemory request was completed. (0x12B)
[0314/164158.895:ERROR:process_memory_win.cc(73)] ReadMemory at 0x1a885375768 of 512 bytes failed: Only part of a ReadProcessMemory or WriteProcessMemory request was completed. (0x12B)
[0314/164158.895:ERROR:process_memory_win.cc(73)] ReadMemory at 0x1a88537ad20 of 512 bytes failed: Only part of a ReadProcessMemory or WriteProcessMemory request was completed. (0x12B)
[0314/164158.895:ERROR:process_memory_win.cc(73)] ReadMemory at 0x1a8870a0000 of 384 bytes failed: Only part of a ReadProcessMemory or WriteProcessMemory request was completed. (0x12B)
[0314/164158.895:ERROR:process_memory_win.cc(73)] ReadMemory at 0x1a8870f69f0 of 512 bytes failed: Only part of a ReadProcessMemory or WriteProcessMemory request was completed. (0x12B)
[0314/164158.895:ERROR:process_memory_win.cc(73)] ReadMemory at 0x1a8871fa450 of 512 bytes failed: Only part of a ReadProcessMemory or WriteProcessMemory request was completed. (0x12B)
[0314/164158.895:ERROR:process_memory_win.cc(73)] ReadMemory at 0x1a887243290 of 512 bytes failed: Only part of a ReadProcessMemory or WriteProcessMemory request was completed. (0x12B)
[0314/164158.895:ERROR:process_memory_win.cc(73)] ReadMemory at 0x1a887251810 of 512 bytes failed: Only part of a ReadProcessMemory or WriteProcessMemory request was completed. (0x12B)
[0314/164158.896:ERROR:process_memory_win.cc(73)] ReadMemory at 0x1a887253490 of 512 bytes failed: Only part of a ReadProcessMemory or WriteProcessMemory request was completed. (0x12B)
[0314/164158.896:ERROR:process_memory_win.cc(73)] ReadMemory at 0x1a88725ddc0 of 512 bytes failed: Only part of a ReadProcessMemory or WriteProcessMemory request was completed. (0x12B)
[0314/164158.896:ERROR:process_memory_win.cc(73)] ReadMemory at 0x1a88725e820 of 640 bytes failed: Only part of a ReadProcessMemory or WriteProcessMemory request was completed. (0x12B)
[0314/164158.896:ERROR:process_memory_win.cc(73)] ReadMemory at 0x1a8873a3f60 of 512 bytes failed: Only part of a ReadProcessMemory or WriteProcessMemory request was completed. (0x12B)
[0314/164158.896:ERROR:process_memory_win.cc(73)] ReadMemory at 0x1a8873af490 of 512 bytes failed: Only part of a ReadProcessMemory or WriteProcessMemory request was completed. (0x12B)
[0314/164158.896:ERROR:process_memory_win.cc(73)] ReadMemory at 0x1a8873ca930 of 512 bytes failed: Only part of a ReadProcessMemory or WriteProcessMemory request was completed. (0x12B)
[0314/164158.896:ERROR:process_memory_win.cc(73)] ReadMemory at 0x1a8874dacd0 of 512 bytes failed: Only part of a ReadProcessMemory or WriteProcessMemory request was completed. (0x12B)
[0314/164158.896:ERROR:process_memory_win.cc(73)] ReadMemory at 0x1a88755a200 of 512 bytes failed: Only part of a ReadProcessMemory or WriteProcessMemory request was completed. (0x12B)
[0314/164158.896:ERROR:process_memory_win.cc(73)] ReadMemory at 0x1a8875be212 of 512 bytes failed: Only part of a ReadProcessMemory or WriteProcessMemory request was completed. (0x12B)
[0314/164158.896:ERROR:process_memory_win.cc(73)] ReadMemory at 0x1a8880a0000 of 384 bytes failed: Only part of a ReadProcessMemory or WriteProcessMemory request was completed. (0x12B)
[0314/164158.896:ERROR:process_memory_win.cc(73)] ReadMemory at 0x1a88c29d388 of 512 bytes failed: Only part of a ReadProcessMemory or WriteProcessMemory request was completed. (0x12B)
[0314/164158.896:ERROR:process_memory_win.cc(73)] ReadMemory at 0x1a88c29d6a0 of 512 bytes failed: Only part of a ReadProcessMemory or WriteProcessMemory request was completed. (0x12B)
[0314/164158.896:ERROR:process_memory_win.cc(73)] ReadMemory at 0x1a88c6588a0 of 512 bytes failed: Only part of a ReadProcessMemory or WriteProcessMemory request was completed. (0x12B)
[0314/164158.896:ERROR:process_memory_win.cc(73)] ReadMemory at 0x1a88c870360 of 512 bytes failed: Only part of a ReadProcessMemory or WriteProcessMemory request was completed. (0x12B)
[0314/164158.896:ERROR:process_memory_win.cc(73)] ReadMemory at 0x1a88c8b3a70 of 992 bytes failed: Only part of a ReadProcessMemory or WriteProcessMemory request was completed. (0x12B)
[0314/164158.896:ERROR:process_memory_win.cc(73)] ReadMemory at 0x494dc4f14b29 of 512 bytes failed: Only part of a ReadProcessMemory or WriteProcessMemory request was completed. (0x12B)
[0314/164158.896:ERROR:process_memory_win.cc(73)] ReadMemory at 0x7ff9dfddfdc7 of 512 bytes failed: Only part of a ReadProcessMemory or WriteProcessMemory request was completed. (0x12B)
[0314/164158.896:ERROR:process_memory_win.cc(73)] ReadMemory at 0x7ff9dffe936d of 512 bytes failed: Only part of a ReadProcessMemory or WriteProcessMemory request was completed. (0x12B)
[0314/164158.897:ERROR:process_memory_win.cc(73)] ReadMemory at 0x7ff9e002c8fc of 512 bytes failed: Only part of a ReadProcessMemory or WriteProcessMemory request was completed. (0x12B)
[0314/164158.897:ERROR:process_memory_win.cc(73)] ReadMemory at 0x7ff9e447cae8 of 512 bytes failed: Only part of a ReadProcessMemory or WriteProcessMemory request was completed. (0x12B)
[0314/164158.897:ERROR:process_memory_win.cc(73)] ReadMemory at 0x7ffa46ed0b90 of 512 bytes failed: Only part of a ReadProcessMemory or WriteProcessMemory request was completed. (0x12B)
[0314/164158.897:ERROR:process_memory_win.cc(73)] ReadMemory at 0x7ffa47616270 of 512 bytes failed: Only part of a ReadProcessMemory or WriteProcessMemory request was completed. (0x12B)
[0314/164158.897:ERROR:process_memory_win.cc(73)] ReadMemory at 0x7ffa476179f0 of 512 bytes failed: Only part of a ReadProcessMemory or WriteProcessMemory request was completed. (0x12B)
[0314/164158.897:ERROR:process_memory_win.cc(73)] ReadMemory at 0x7ffa476182e0 of 512 bytes failed: Only part of a ReadProcessMemory or WriteProcessMemory request was completed. (0x12B)
[0314/164158.897:ERROR:process_memory_win.cc(73)] ReadMemory at 0x7ffa4761a0d0 of 512 bytes failed: Only part of a ReadProcessMemory or WriteProcessMemory request was completed. (0x12B)
[0314/164158.897:ERROR:process_memory_win.cc(73)] ReadMemory at 0x7ffa4768a9a4 of 672 bytes failed: Only part of a ReadProcessMemory or WriteProcessMemory request was completed. (0x12B)
[0314/164158.897:ERROR:process_memory_win.cc(73)] ReadMemory at 0x7ffa4768afa4 of 512 bytes failed: Only part of a ReadProcessMemory or WriteProcessMemory request was completed. (0x12B)
[0314/164158.897:ERROR:process_memory_win.cc(73)] ReadMemory at 0x7ffa4768e214 of 608 bytes failed: Only part of a ReadProcessMemory or WriteProcessMemory request was completed. (0x12B)
[0314/164158.897:ERROR:process_memory_win.cc(73)] ReadMemory at 0x7ffa47709380 of 512 bytes failed: Only part of a ReadProcessMemory or WriteProcessMemory request was completed. (0x12B)
[0314/164158.897:ERROR:process_memory_win.cc(73)] ReadMemory at 0x7ffa477101e0 of 18 bytes failed: Only part of a ReadProcessMemory or WriteProcessMemory request was completed. (0x12B)
[0314/164158.897:ERROR:process_memory_win.cc(73)] ReadMemory at 0x7ffa477465b0 of 40 bytes failed: Only part of a ReadProcessMemory or WriteProcessMemory request was completed. (0x12B)
[0314/164158.897:ERROR:process_memory_win.cc(73)] ReadMemory at 0x7ffa47746a08 of 48 bytes failed: Only part of a ReadProcessMemory or WriteProcessMemory request was completed. (0x12B)
[0314/164158.897:ERROR:process_memory_win.cc(73)] ReadMemory at 0x7ffa4774c360 of 64 bytes failed: Only part of a ReadProcessMemory or WriteProcessMemory request was completed. (0x12B)
[0314/164158.899:ERROR:scoped_process_suspend.cc(40)] NtResumeProcess: An attempt was made to access an exiting process. (0xc000010a)
[0314/170549.854:ERROR:process_info.cc(329)] VirtualQueryEx: Access is denied. (0x5)
[0314/170549.855:ERROR:process_info.cc(550)] ReadMemoryInfo failed
[0314/170549.855:ERROR:process_memory_win.cc(39)] Failed to initialize ProcessInfo.
[0314/170549.855:ERROR:scoped_process_suspend.cc(40)] NtResumeProcess: An attempt was made to access an exiting process. (0xc000010a)
[0314/171508.037:ERROR:process_info.cc(329)] VirtualQueryEx: Access is denied. (0x5)
[0314/171508.038:ERROR:process_info.cc(550)] ReadMemoryInfo failed
[0314/171508.038:ERROR:process_memory_win.cc(39)] Failed to initialize ProcessInfo.
[0314/171508.039:ERROR:scoped_process_suspend.cc(40)] NtResumeProcess: An attempt was made to access an exiting process. (0xc000010a)
